[LOG] System::create                           : Header version = 1.10.03. Current version = 1.10.03.
[LOG] SystemI::setOutputInternal               : Setting output to 'FMOD WASAPI Output'
[LOG] Manager::init                            : maxchannels = 1024 studioflags = 00000009 flags 00000000 extradriverdata 0000000000000000.
[LOG] SystemI::init                            : Initialize version=11003 (93157), maxchannels=1024, flags=0x00030000
[LOG] OutputWASAPI::init                       : Mix Format (WAVEFORMATEX): wFormatTag=0xFFFE, nChannels=2, nSamplesPerSec=48000, nAvgBytesPerSec=384000, nBlockAlign=8, wBitsPerSample=32, cbSize=22.
[LOG] OutputWASAPI::init                       : Mix Format (WAVEFORMATEXTENSIBLE): wValidBitsPerSample=32, dwChannelMask=0x00000003, SubFormat=00000003-0000-0010-8000-00AA00389B71.
[LOG] OutputWASAPI::init                       : Output buffer size: 4096 samples, latency: 0.00ms, period: 10.00ms, DSP buffer: 1024 * 4
[LOG] Thread::initThread                       : Init FMOD stream thread. Priority: 2, Stack Size: 65536, Semaphore: No, Sleep Time: 10, Looping: Yes.
[LOG] SystemI::DSPCodecPoolRegister            : register codec pool for pool type 5
[LOG] Thread::initThread                       : Init FMOD mixer thread. Priority: 3, Stack Size: 49152, Semaphore: No, Sleep Time: 0, Looping: Yes.
[LOG] AsyncManager::init                       : manager 000000000EF54748 isAsync 1 updatePeriod 0.02
[LOG] Thread::initThread                       : Init FMOD Studio update thread. Priority: 0, Stack Size: 65536, Semaphore: No, Sleep Time: 1, Looping: No.
[LOG] AsyncManager::init                       : done
[LOG] PlaybackSystem::init                     : 
[LOG] Thread::initThread                       : Init FMOD Studio sample load thread. Priority: 0, Stack Size: 65536, Semaphore: No, Sleep Time: 1, Looping: No.
[LOG] PlaybackSystem::init                     : done
[LOG] LiveUpdate::init                         : 
[LOG] Thread::initThread                       : Init FMOD Studio bank load thread. Priority: 0, Stack Size: 65536, Semaphore: No, Sleep Time: 1, Looping: No.
[LOG] Manager::init                            : done.
[LOG] Profile::init                            : Profiler listening on port: 9264
[LOG] Manager::readBank                        : fileversion = 100, compatVersion = 99 (oldest = 44, newest = 100)
[LOG] Manager::readBank                        : fileversion = 100, compatVersion = 99 (oldest = 44, newest = 100)
[LOG] PlaybackSystem::acquireMasterBus         : Setting master channel group format to 6
[LOG] SystemI::createSoundInternal             : Create name='', mode=0x02000202
[LOG] SystemI::createSoundInternal             : exinfo->cbsize             = 232
[LOG] SystemI::createSoundInternal             : exinfo->length             = 167008
[LOG] SystemI::createSoundInternal             : exinfo->fileoffset         = 15488
[LOG] SystemI::createSoundInternal             : exinfo->numsubsounds       = 1
[LOG] SystemI::createSoundInternal             : exinfo->inclusionlist      = 000000007223F5FC
[LOG] SystemI::createSoundInternal             : exinfo->inclusionlistnum   = 1
[LOG] SystemI::createSoundInternal             : exinfo->suggestedsoundtype = 5
[LOG] SystemI::createSoundInternal             : exinfo->useropen           = 00007FFA1B3C5EC0
[LOG] SystemI::createSoundInternal             : exinfo->userclose          = 00007FFA1B3C5E90
[LOG] SystemI::createSoundInternal             : exinfo->userread           = 00007FFA1B3C5F90
[LOG] SystemI::createSoundInternal             : exinfo->userseek           = 00007FFA1B3C6040
[LOG] SystemI::createSoundInternal             : exinfo->fileuserdata       = 00000000438A4618
[LOG] SystemI::createSoundInternal             : exinfo->initialseekpostype = 1
[LOG] SystemI::DSPCodecPoolRegister            : register codec pool for pool type 5
[LOG] SystemI::createSoundInternal             : Sample 0/1: name='324665__kentspublicdomain__electric-machine-engine-large-air-conditioner-hum-noise', format=2, channels=2, frequency=48000, lengthbytes=58080, lengthpcm=222606, pcmblocksize=0, loopstart=0, loopend=0, mode=0x00000000, channelmask=0x00000000, channelorder=0, peakvolume=0.220123.
[LOG] SystemI::createSoundInternal             : Create name='', mode=0x02000202
[LOG] SystemI::createSoundInternal             : exinfo->cbsize             = 232
[LOG] SystemI::createSoundInternal             : exinfo->length             = 167008
[LOG] SystemI::createSoundInternal             : exinfo->fileoffset         = 15488
[LOG] SystemI::createSoundInternal             : exinfo->numsubsounds       = 1
[LOG] SystemI::createSoundInternal             : exinfo->inclusionlist      = 000000007223F5FC
[LOG] SystemI::createSoundInternal             : exinfo->inclusionlistnum   = 1
[LOG] SystemI::createSoundInternal             : exinfo->suggestedsoundtype = 5
[LOG] SystemI::createSoundInternal             : exinfo->useropen           = 00007FFA1B3C5EC0
[LOG] SystemI::createSoundInternal             : exinfo->userclose          = 00007FFA1B3C5E90
[LOG] SystemI::createSoundInternal             : exinfo->userread           = 00007FFA1B3C5F90
[LOG] SystemI::createSoundInternal             : exinfo->userseek           = 00007FFA1B3C6040
[LOG] SystemI::createSoundInternal             : exinfo->fileuserdata       = 00000000438A4618
[LOG] SystemI::createSoundInternal             : exinfo->initialseekpostype = 1
[LOG] SystemI::DSPCodecPoolRegister            : register codec pool for pool type 5
[LOG] SystemI::createSoundInternal             : Sample 0/1: name='4919__dobroide__pumps-fast', format=2, channels=2, frequency=48000, lengthbytes=108608, lengthpcm=297600, pcmblocksize=0, loopstart=0, loopend=0, mode=0x00000000, channelmask=0x00000000, channelorder=0, peakvolume=0.999695.
[LOG] Thread::initThread                       : Init FMOD profiler thread (recv). Priority: 0, Stack Size: 131072, Semaphore: No, Sleep Time: 0, Looping: No.
[LOG] Thread::initThread                       : Init FMOD profiler thread (send). Priority: 0, Stack Size: 131072, Semaphore: No, Sleep Time: 0, Looping: No.
[LOG] LiveUpdate::clientConnected              : client = 0000000058D70098
[LOG] LiveUpdate::readPacket                   : Accepting init message for client 0000000058D70098
[LOG] LiveUpdate::transitionToConnected        : 
[LOG] Manager::sendConnectTimeHash             : 
[LOG] LiveUpdate::sendBankHash                 : 
[LOG] LiveUpdate::sendBankHash                 : 
[LOG] LiveUpdate::sendBankHash                 : 
[LOG] LiveUpdate::acceptInitPacket             : Client 0000000058D70098 connected, entering connected state
[LOG] Manager::receiveLiveUpdateBank           : Received live update bank path: fmod:///remote/C:/Users/Rodrigo/AppData/Local/FMOD Studio/UnsavedProjects/Hotswap-JpOvtF/hotswap_39.bank
[LOG] ProfileRemoteFile::fileOpen              : Attemping to open remote file 'C:/Users/Rodrigo/AppData/Local/FMOD Studio/UnsavedProjects/Hotswap-JpOvtF/hotswap_39.bank'
[LOG] Manager::readBank                        : fileversion = 100, compatVersion = 99 (oldest = 44, newest = 100)
[LOG] Manager::receiveLiveUpdateBank           : Received live update bank path: fmod:///remote/C:/Users/Rodrigo/AppData/Local/FMOD Studio/UnsavedProjects/Hotswap-JpOvtF/hotswap_40.bank
[LOG] ProfileRemoteFile::fileOpen              : Attemping to open remote file 'C:/Users/Rodrigo/AppData/Local/FMOD Studio/UnsavedProjects/Hotswap-JpOvtF/hotswap_40.bank'
[LOG] Manager::readBank                        : fileversion = 100, compatVersion = 99 (oldest = 44, newest = 100)
[LOG] Manager::receiveLiveUpdateBank           : Received live update bank path: fmod:///remote/C:/Users/Rodrigo/AppData/Local/FMOD Studio/UnsavedProjects/Hotswap-JpOvtF/hotswap_41.bank
[LOG] ProfileRemoteFile::fileOpen              : Attemping to open remote file 'C:/Users/Rodrigo/AppData/Local/FMOD Studio/UnsavedProjects/Hotswap-JpOvtF/hotswap_41.bank'
[LOG] Manager::readBank                        : fileversion = 100, compatVersion = 99 (oldest = 44, newest = 100)
[LOG] Manager::receiveLiveUpdateBank           : Received live update bank path: fmod:///remote/C:/Users/Rodrigo/AppData/Local/FMOD Studio/UnsavedProjects/Hotswap-JpOvtF/hotswap_42.bank
[LOG] ProfileRemoteFile::fileOpen              : Attemping to open remote file 'C:/Users/Rodrigo/AppData/Local/FMOD Studio/UnsavedProjects/Hotswap-JpOvtF/hotswap_42.bank'
[LOG] Manager::readBank                        : fileversion = 100, compatVersion = 99 (oldest = 44, newest = 100)
[LOG] Manager::receiveLiveUpdateBank           : Received live update bank path: fmod:///remote/C:/Users/Rodrigo/AppData/Local/FMOD Studio/UnsavedProjects/Hotswap-JpOvtF/hotswap_43.bank
[LOG] ProfileRemoteFile::fileOpen              : Attemping to open remote file 'C:/Users/Rodrigo/AppData/Local/FMOD Studio/UnsavedProjects/Hotswap-JpOvtF/hotswap_43.bank'
[LOG] Manager::readBank                        : fileversion = 100, compatVersion = 99 (oldest = 44, newest = 100)
[LOG] Manager::receiveLiveUpdateBank           : Received live update bank path: fmod:///remote/C:/Users/Rodrigo/AppData/Local/FMOD Studio/UnsavedProjects/Hotswap-JpOvtF/hotswap_44.bank
[LOG] ProfileRemoteFile::fileOpen              : Attemping to open remote file 'C:/Users/Rodrigo/AppData/Local/FMOD Studio/UnsavedProjects/Hotswap-JpOvtF/hotswap_44.bank'
[LOG] Manager::readBank                        : fileversion = 100, compatVersion = 99 (oldest = 44, newest = 100)
[LOG] Manager::receiveLiveUpdateBank           : Received live update bank path: fmod:///remote/C:/Users/Rodrigo/AppData/Local/FMOD Studio/UnsavedProjects/Hotswap-JpOvtF/hotswap_45.bank
[LOG] ProfileRemoteFile::fileOpen              : Attemping to open remote file 'C:/Users/Rodrigo/AppData/Local/FMOD Studio/UnsavedProjects/Hotswap-JpOvtF/hotswap_45.bank'
[LOG] Manager::readBank                        : fileversion = 100, compatVersion = 99 (oldest = 44, newest = 100)
[LOG] Manager::receiveLiveUpdateBank           : Received live update bank path: fmod:///remote/C:/Users/Rodrigo/AppData/Local/FMOD Studio/UnsavedProjects/Hotswap-JpOvtF/hotswap_46.bank
[LOG] ProfileRemoteFile::fileOpen              : Attemping to open remote file 'C:/Users/Rodrigo/AppData/Local/FMOD Studio/UnsavedProjects/Hotswap-JpOvtF/hotswap_46.bank'
[LOG] Manager::readBank                        : fileversion = 100, compatVersion = 99 (oldest = 44, newest = 100)
[LOG] Manager::receiveLiveUpdateBank           : Received live update bank path: fmod:///remote/C:/Users/Rodrigo/AppData/Local/FMOD Studio/UnsavedProjects/Hotswap-JpOvtF/hotswap_47.bank
[LOG] ProfileRemoteFile::fileOpen              : Attemping to open remote file 'C:/Users/Rodrigo/AppData/Local/FMOD Studio/UnsavedProjects/Hotswap-JpOvtF/hotswap_47.bank'
[LOG] Manager::readBank                        : fileversion = 100, compatVersion = 99 (oldest = 44, newest = 100)
[LOG] Manager::receiveLiveUpdateBank           : Received live update bank path: fmod:///remote/C:/Users/Rodrigo/AppData/Local/FMOD Studio/UnsavedProjects/Hotswap-JpOvtF/hotswap_48.bank
[LOG] ProfileRemoteFile::fileOpen              : Attemping to open remote file 'C:/Users/Rodrigo/AppData/Local/FMOD Studio/UnsavedProjects/Hotswap-JpOvtF/hotswap_48.bank'
[LOG] Manager::readBank                        : fileversion = 100, compatVersion = 99 (oldest = 44, newest = 100)
[LOG] Manager::receiveLiveUpdateBank           : Received live update bank path: fmod:///remote/C:/Users/Rodrigo/AppData/Local/FMOD Studio/UnsavedProjects/Hotswap-JpOvtF/hotswap_49.bank
[LOG] ProfileRemoteFile::fileOpen              : Attemping to open remote file 'C:/Users/Rodrigo/AppData/Local/FMOD Studio/UnsavedProjects/Hotswap-JpOvtF/hotswap_49.bank'
[LOG] Manager::readBank                        : fileversion = 100, compatVersion = 99 (oldest = 44, newest = 100)
[LOG] Manager::receiveLiveUpdateBank           : Received live update bank path: fmod:///remote/C:/Users/Rodrigo/AppData/Local/FMOD Studio/UnsavedProjects/Hotswap-JpOvtF/hotswap_50.bank
[LOG] ProfileRemoteFile::fileOpen              : Attemping to open remote file 'C:/Users/Rodrigo/AppData/Local/FMOD Studio/UnsavedProjects/Hotswap-JpOvtF/hotswap_50.bank'
[LOG] Manager::readBank                        : fileversion = 100, compatVersion = 99 (oldest = 44, newest = 100)
[LOG] Manager::receiveLiveUpdateBank           : Received live update bank path: fmod:///remote/C:/Users/Rodrigo/AppData/Local/FMOD Studio/UnsavedProjects/Hotswap-JpOvtF/hotswap_51.bank
[LOG] ProfileRemoteFile::fileOpen              : Attemping to open remote file 'C:/Users/Rodrigo/AppData/Local/FMOD Studio/UnsavedProjects/Hotswap-JpOvtF/hotswap_51.bank'
[LOG] Manager::readBank                        : fileversion = 100, compatVersion = 99 (oldest = 44, newest = 100)
[LOG] Manager::receiveLiveUpdateBank           : Received live update bank path: fmod:///remote/C:/Users/Rodrigo/AppData/Local/FMOD Studio/UnsavedProjects/Hotswap-JpOvtF/hotswap_52.bank
[LOG] ProfileRemoteFile::fileOpen              : Attemping to open remote file 'C:/Users/Rodrigo/AppData/Local/FMOD Studio/UnsavedProjects/Hotswap-JpOvtF/hotswap_52.bank'
[LOG] Manager::readBank                        : fileversion = 100, compatVersion = 99 (oldest = 44, newest = 100)
[LOG] Manager::receiveLiveUpdateBank           : Received live update bank path: fmod:///remote/C:/Users/Rodrigo/AppData/Local/FMOD Studio/UnsavedProjects/Hotswap-JpOvtF/hotswap_53.bank
[LOG] ProfileRemoteFile::fileOpen              : Attemping to open remote file 'C:/Users/Rodrigo/AppData/Local/FMOD Studio/UnsavedProjects/Hotswap-JpOvtF/hotswap_53.bank'
[LOG] Manager::readBank                        : fileversion = 100, compatVersion = 99 (oldest = 44, newest = 100)
[LOG] Manager::receiveLiveUpdateBank           : Received live update bank path: fmod:///remote/C:/Users/Rodrigo/AppData/Local/FMOD Studio/UnsavedProjects/Hotswap-JpOvtF/hotswap_54.bank
[LOG] ProfileRemoteFile::fileOpen              : Attemping to open remote file 'C:/Users/Rodrigo/AppData/Local/FMOD Studio/UnsavedProjects/Hotswap-JpOvtF/hotswap_54.bank'
[LOG] Manager::readBank                        : fileversion = 100, compatVersion = 99 (oldest = 44, newest = 100)
[LOG] Manager::receiveLiveUpdateBank           : Received live update bank path: fmod:///remote/C:/Users/Rodrigo/AppData/Local/FMOD Studio/UnsavedProjects/Hotswap-JpOvtF/hotswap_55.bank
[LOG] ProfileRemoteFile::fileOpen              : Attemping to open remote file 'C:/Users/Rodrigo/AppData/Local/FMOD Studio/UnsavedProjects/Hotswap-JpOvtF/hotswap_55.bank'
[LOG] Manager::readBank                        : fileversion = 100, compatVersion = 99 (oldest = 44, newest = 100)
[LOG] Manager::receiveLiveUpdateBank           : Received live update bank path: fmod:///remote/C:/Users/Rodrigo/AppData/Local/FMOD Studio/UnsavedProjects/Hotswap-JpOvtF/hotswap_56.bank
[LOG] ProfileRemoteFile::fileOpen              : Attemping to open remote file 'C:/Users/Rodrigo/AppData/Local/FMOD Studio/UnsavedProjects/Hotswap-JpOvtF/hotswap_56.bank'
[LOG] Manager::readBank                        : fileversion = 100, compatVersion = 99 (oldest = 44, newest = 100)
[LOG] Manager::receiveLiveUpdateBank           : Received live update bank path: fmod:///remote/C:/Users/Rodrigo/AppData/Local/FMOD Studio/UnsavedProjects/Hotswap-JpOvtF/hotswap_57.bank
[LOG] ProfileRemoteFile::fileOpen              : Attemping to open remote file 'C:/Users/Rodrigo/AppData/Local/FMOD Studio/UnsavedProjects/Hotswap-JpOvtF/hotswap_57.bank'
[LOG] Manager::readBank                        : fileversion = 100, compatVersion = 99 (oldest = 44, newest = 100)
[LOG] SystemI::createSoundInternal             : Create name='fmod:///remote/D:/Oyar/repos/uni/dsp-coursework/FMOD/Assets/4919__dobroide__pumps-fast.wav', mode=0x0200C202
[LOG] SystemI::createSoundInternal             : exinfo->cbsize             = 232
[LOG] SystemI::createSoundInternal             : exinfo->initialseekpostype = 1
[LOG] ProfileRemoteFile::fileOpen              : Attemping to open remote file 'D:/Oyar/repos/uni/dsp-coursework/FMOD/Assets/4919__dobroide__pumps-fast.wav'
[LOG] SystemI::createSoundInternal             : Sample 0/0: name='(null)', format=2, channels=2, frequency=44100, lengthbytes=1093680, lengthpcm=273420, pcmblocksize=0, loopstart=0, loopend=0, mode=0x00000000, channelmask=0x00000000, channelorder=0, peakvolume=0.000000.
[LOG] Manager::receiveLiveUpdateBank           : Received live update bank path: fmod:///remote/C:/Users/Rodrigo/AppData/Local/FMOD Studio/UnsavedProjects/Hotswap-JpOvtF/hotswap_58.bank
[LOG] ProfileRemoteFile::fileOpen              : Attemping to open remote file 'C:/Users/Rodrigo/AppData/Local/FMOD Studio/UnsavedProjects/Hotswap-JpOvtF/hotswap_58.bank'
[LOG] Manager::readBank                        : fileversion = 100, compatVersion = 99 (oldest = 44, newest = 100)
[LOG] SoundI::release                          : 4919__dobroide__pumps-fast.wav (0000000058456C08)
[LOG] SoundI::release                          :  (0000000058C06358)
[LOG] SoundI::release                          :     324665__kentspublicdomain__electric-machine-engine-large-air-conditioner-hum-noise (0000000058456A68)
[LOG] SoundI::release                          :  (0000000058C064C8)
[LOG] SoundI::release                          :     4919__dobroide__pumps-fast (0000000058457288)
[LOG] Thread::callback                         : FMOD Studio update thread finished.
[LOG] Thread::callback                         : FMOD Studio bank load thread finished.
[LOG] ProfileClient::markForDead               : Closing client connection
[LOG] Profile::disconnectAll                   : Profiler disconnecting all clients
[LOG] Thread::callback                         : FMOD profiler thread (send) finished.
[LOG] FMOD_OS_Net_Read                         : Interrupted.[ERR] ProfileClient::recvThreadLoopFunction    : Recv thread loop returned 16
[LOG] Thread::callback                         : FMOD profiler thread (recv) finished.
[LOG] Thread::callback                         : FMOD Studio sample load thread finished.
[LOG] LiveUpdate::release                      : 
[LOG] LiveUpdate::reset                        : Reset connection (reason Disconnected)
[LOG] Thread::callback                         : FMOD stream thread finished.
[LOG] Thread::callback                         : FMOD mixer thread finished.
[LOG] Profile::disconnectAll                   : Profiler disconnecting all clients
[LOG] SystemI::close                           : Closed.
